  [4;36;1mSQL (0.2ms)[0m   [0;1mSET SQL_AUTO_IS_NULL=0[0m
  [4;35;1mSQL (0.3ms)[0m   [0mSHOW TABLES[0m
  [4;36;1mSQL (439.6ms)[0m   [0;1mCREATE TABLE `schema_migrations` (`version` varchar(255) NOT NULL) ENGINE=InnoDB[0m
  [4;35;1mSQL (442.6ms)[0m   [0mCREATE UNIQUE INDEX `unique_schema_migrations` ON `schema_migrations` (`version`)[0m
  [4;36;1mSQL (18.4ms)[0m   [0;1mSHOW TABLES[0m
  [4;35;1mSQL (0.5ms)[0m   [0mSELECT version FROM schema_migrations[0m
Migrating to CreateConstituenciesUkTables (20100108162515)
  [4;36;1mSQL (201.6ms)[0m   [0;1mCREATE TABLE `uk_countries` (`id` int(11) DEFAULT NULL auto_increment PRIMARY KEY) ENGINE=InnoDB[0m
  [4;35;1mSQL (185.2ms)[0m   [0mCREATE TABLE `uk_regions` (`id` int(11) DEFAULT NULL auto_increment PRIMARY KEY) ENGINE=InnoDB[0m
  [4;36;1mSQL (198.6ms)[0m   [0;1mCREATE TABLE `uk_2010_constituencies` (`id` int(11) DEFAULT NULL auto_increment PRIMARY KEY) ENGINE=InnoDB[0m
  [4;35;1mSQL (0.0ms)[0m   [0mMysql::Error: Key column 'uk_country_id' doesn't exist in table: CREATE INDEX `index_uk_regions_on_uk_country_id` ON `uk_regions` (`uk_country_id`)[0m
  [4;36;1mSQL (0.2ms)[0m   [0;1mSET SQL_AUTO_IS_NULL=0[0m
  [4;35;1mSQL (0.4ms)[0m   [0mSHOW TABLES[0m
  [4;36;1mSQL (0.2ms)[0m   [0;1mSELECT version FROM schema_migrations[0m
Migrating to CreateConstituenciesUkTables (20100108162515)
  [4;35;1mSQL (0.0ms)[0m   [0mMysql::Error: Table 'uk_countries' already exists: CREATE TABLE `uk_countries` (`id` int(11) DEFAULT NULL auto_increment PRIMARY KEY) ENGINE=InnoDB[0m
  [4;36;1mSQL (0.1ms)[0m   [0;1mSET SQL_AUTO_IS_NULL=0[0m
  [4;35;1mSQL (0.3ms)[0m   [0mSHOW TABLES[0m
  [4;36;1mSQL (61.6ms)[0m   [0;1mCREATE TABLE `schema_migrations` (`version` varchar(255) NOT NULL) ENGINE=InnoDB[0m
  [4;35;1mSQL (199.5ms)[0m   [0mCREATE UNIQUE INDEX `unique_schema_migrations` ON `schema_migrations` (`version`)[0m
  [4;36;1mSQL (0.5ms)[0m   [0;1mSHOW TABLES[0m
  [4;35;1mSQL (0.4ms)[0m   [0mSELECT version FROM schema_migrations[0m
Migrating to CreateConstituenciesUkTables (20100108162515)
  [4;36;1mSQL (118.2ms)[0m   [0;1mCREATE TABLE `uk_countries` (`id` int(11) DEFAULT NULL auto_increment PRIMARY KEY) ENGINE=InnoDB[0m
  [4;35;1mSQL (116.5ms)[0m   [0mCREATE TABLE `uk_regions` (`id` int(11) DEFAULT NULL auto_increment PRIMARY KEY) ENGINE=InnoDB[0m
  [4;36;1mSQL (165.8ms)[0m   [0;1mCREATE TABLE `uk_2010_constituencies` (`id` int(11) DEFAULT NULL auto_increment PRIMARY KEY) ENGINE=InnoDB[0m
  [4;35;1mSQL (0.0ms)[0m   [0mMysql::Error: Key column 'uk_country_id' doesn't exist in table: CREATE INDEX `index_uk_regions_on_uk_country_id` ON `uk_regions` (`uk_country_id`)[0m
  [4;36;1mSQL (0.1ms)[0m   [0;1mSET SQL_AUTO_IS_NULL=0[0m
  [4;35;1mSQL (21.2ms)[0m   [0mSHOW TABLES[0m
  [4;36;1mSQL (0.2ms)[0m   [0;1mSELECT version FROM schema_migrations[0m
  [4;35;1mSQL (0.6ms)[0m   [0mSHOW TABLES[0m
  [4;36;1mSQL (0.2ms)[0m   [0;1mSELECT version FROM schema_migrations[0m
  [4;35;1mSQL (0.4ms)[0m   [0mSHOW TABLES[0m
  [4;36;1mSQL (18.2ms)[0m   [0;1mSHOW FIELDS FROM `uk_2010_constituencies`[0m
  [4;35;1mSQL (1.8ms)[0m   [0mdescribe `uk_2010_constituencies`[0m
  [4;36;1mSQL (0.9ms)[0m   [0;1mSHOW KEYS FROM `uk_2010_constituencies`[0m
  [4;35;1mSQL (1.2ms)[0m   [0mSHOW FIELDS FROM `uk_countries`[0m
  [4;36;1mSQL (1.8ms)[0m   [0;1mdescribe `uk_countries`[0m
  [4;35;1mSQL (0.9ms)[0m   [0mSHOW KEYS FROM `uk_countries`[0m
  [4;36;1mSQL (1.9ms)[0m   [0;1mSHOW FIELDS FROM `uk_regions`[0m
  [4;35;1mSQL (1.9ms)[0m   [0mdescribe `uk_regions`[0m
  [4;36;1mSQL (0.9ms)[0m   [0;1mSHOW KEYS FROM `uk_regions`[0m
  [4;36;1mSQL (0.1ms)[0m   [0;1mSET SQL_AUTO_IS_NULL=0[0m
  [4;35;1mSQL (0.3ms)[0m   [0mSHOW TABLES[0m
  [4;36;1mSQL (0.2ms)[0m   [0;1mSELECT version FROM schema_migrations[0m
Migrating to CreateConstituenciesUkTables (20100108164628)
  [4;35;1mSQL (0.0ms)[0m   [0mMysql::Error: Table 'uk_countries' already exists: CREATE TABLE `uk_countries` (`id` int(11) DEFAULT NULL auto_increment PRIMARY KEY) ENGINE=InnoDB[0m
  [4;36;1mSQL (0.1ms)[0m   [0;1mSET SQL_AUTO_IS_NULL=0[0m
  [4;35;1mSQL (0.4ms)[0m   [0mSHOW TABLES[0m
  [4;36;1mSQL (0.2ms)[0m   [0;1mSELECT version FROM schema_migrations[0m
  [4;35;1mSQL (0.4ms)[0m   [0mSHOW TABLES[0m
  [4;36;1mSQL (0.1ms)[0m   [0;1mSELECT version FROM schema_migrations[0m
  [4;35;1mSQL (0.2ms)[0m   [0mSHOW TABLES[0m
  [4;36;1mSQL (1.2ms)[0m   [0;1mSHOW FIELDS FROM `uk_2010_constituencies`[0m
  [4;35;1mSQL (1.6ms)[0m   [0mdescribe `uk_2010_constituencies`[0m
  [4;36;1mSQL (0.9ms)[0m   [0;1mSHOW KEYS FROM `uk_2010_constituencies`[0m
  [4;35;1mSQL (1.1ms)[0m   [0mSHOW FIELDS FROM `uk_countries`[0m
  [4;36;1mSQL (2.5ms)[0m   [0;1mdescribe `uk_countries`[0m
  [4;35;1mSQL (1.0ms)[0m   [0mSHOW KEYS FROM `uk_countries`[0m
  [4;36;1mSQL (2.0ms)[0m   [0;1mSHOW FIELDS FROM `uk_regions`[0m
  [4;35;1mSQL (1.3ms)[0m   [0mdescribe `uk_regions`[0m
  [4;36;1mSQL (0.7ms)[0m   [0;1mSHOW KEYS FROM `uk_regions`[0m
  [4;36;1mSQL (0.1ms)[0m   [0;1mSET SQL_AUTO_IS_NULL=0[0m
  [4;35;1mSQL (0.4ms)[0m   [0mSHOW TABLES[0m
  [4;36;1mSQL (0.2ms)[0m   [0;1mSELECT version FROM schema_migrations[0m
Migrating to CreateConstituenciesUkTables (20100108164755)
  [4;35;1mSQL (0.0ms)[0m   [0mMysql::Error: Table 'uk_countries' already exists: CREATE TABLE `uk_countries` (`id` int(11) DEFAULT NULL auto_increment PRIMARY KEY, `name` varchar(255), `wikipedia_uri` varchar(255)) ENGINE=InnoDB[0m
  [4;36;1mSQL (0.1ms)[0m   [0;1mSET SQL_AUTO_IS_NULL=0[0m
  [4;35;1mSQL (0.4ms)[0m   [0mSHOW TABLES[0m
  [4;36;1mSQL (0.2ms)[0m   [0;1mSELECT version FROM schema_migrations[0m
Migrating to CreateConstituenciesUkTables (20100108164755)
  [4;36;1mSQL (0.1ms)[0m   [0;1mSET SQL_AUTO_IS_NULL=0[0m
  [4;35;1mSQL (0.4ms)[0m   [0mSHOW TABLES[0m
  [4;36;1mSQL (0.2ms)[0m   [0;1mSELECT version FROM schema_migrations[0m
Migrating to CreateConstituenciesUkTables (20100108164755)
  [4;35;1mSQL (1.5ms)[0m   [0mDROP TABLE `uk_countries`[0m
  [4;36;1mSQL (1.4ms)[0m   [0;1mDROP TABLE `uk_regions`[0m
  [4;35;1mSQL (1.2ms)[0m   [0mDROP TABLE `uk_2010_constituencies`[0m
  [4;36;1mSQL (131.2ms)[0m   [0;1mCREATE TABLE `uk_countries` (`id` int(11) DEFAULT NULL auto_increment PRIMARY KEY, `name` varchar(255), `wikipedia_uri` varchar(255)) ENGINE=InnoDB[0m
  [4;35;1mSQL (282.0ms)[0m   [0mCREATE TABLE `uk_regions` (`id` int(11) DEFAULT NULL auto_increment PRIMARY KEY, `name` varchar(255), `wikipedia_uri` varchar(255), `uk_country_id` int(11)) ENGINE=InnoDB[0m
  [4;36;1mSQL (148.2ms)[0m   [0;1mCREATE TABLE `uk_2010_constituencies` (`id` int(11) DEFAULT NULL auto_increment PRIMARY KEY, `name` varchar(255), `alternate_name` varchar(255), `wikipedia_uri` varchar(255), `uk_country_id` int(11), `uk_region_id` int(11)) ENGINE=InnoDB[0m
  [4;35;1mSQL (130.1ms)[0m   [0mCREATE INDEX `index_uk_regions_on_uk_country_id` ON `uk_regions` (`uk_country_id`)[0m
  [4;36;1mSQL (162.2ms)[0m   [0;1mCREATE INDEX `index_uk_2010_constituencies_on_uk_country_id` ON `uk_2010_constituencies` (`uk_country_id`)[0m
  [4;35;1mSQL (196.6ms)[0m   [0mCREATE INDEX `index_uk_2010_constituencies_on_uk_region_id` ON `uk_2010_constituencies` (`uk_region_id`)[0m
  [4;36;1mSQL (0.6ms)[0m   [0;1mINSERT INTO schema_migrations (version) VALUES ('20100108164755')[0m
  [4;35;1mSQL (0.4ms)[0m   [0mSHOW TABLES[0m
  [4;36;1mSQL (0.1ms)[0m   [0;1mSELECT version FROM schema_migrations[0m
  [4;35;1mSQL (0.2ms)[0m   [0mSHOW TABLES[0m
  [4;36;1mSQL (1.3ms)[0m   [0;1mSHOW FIELDS FROM `uk_2010_constituencies`[0m
  [4;35;1mSQL (1.8ms)[0m   [0mdescribe `uk_2010_constituencies`[0m
  [4;36;1mSQL (1.2ms)[0m   [0;1mSHOW KEYS FROM `uk_2010_constituencies`[0m
  [4;35;1mSQL (1.1ms)[0m   [0mSHOW FIELDS FROM `uk_countries`[0m
  [4;36;1mSQL (3.0ms)[0m   [0;1mdescribe `uk_countries`[0m
  [4;35;1mSQL (0.9ms)[0m   [0mSHOW KEYS FROM `uk_countries`[0m
  [4;36;1mSQL (1.1ms)[0m   [0;1mSHOW FIELDS FROM `uk_regions`[0m
  [4;35;1mSQL (1.5ms)[0m   [0mdescribe `uk_regions`[0m
  [4;36;1mSQL (1.1ms)[0m   [0;1mSHOW KEYS FROM `uk_regions`[0m
  [4;36;1mSQL (0.1ms)[0m   [0;1mSET SQL_AUTO_IS_NULL=0[0m
  [4;35;1mSQL (0.4ms)[0m   [0mSHOW TABLES[0m
  [4;36;1mSQL (0.1ms)[0m   [0;1mSET SQL_AUTO_IS_NULL=0[0m
  [4;35;1mSQL (0.4ms)[0m   [0mSHOW TABLES[0m
  [4;36;1mSQL (0.2ms)[0m   [0;1mSELECT version FROM schema_migrations[0m
  [4;36;1mSQL (0.2ms)[0m   [0;1mSET SQL_AUTO_IS_NULL=0[0m
  [4;35;1mSQL (0.5ms)[0m   [0mSHOW TABLES[0m
  [4;36;1mSQL (0.2ms)[0m   [0;1mSELECT version FROM schema_migrations[0m
  [4;35;1mSQL (31.2ms)[0m   [0mDROP TABLE `uk_countries`[0m
  [4;36;1mSQL (20.3ms)[0m   [0;1mDROP TABLE `uk_regions`[0m
  [4;35;1mSQL (13.7ms)[0m   [0mDROP TABLE `uk_2010_constituencies`[0m
  [4;36;1mSQL (15.9ms)[0m   [0;1mDELETE FROM schema_migrations WHERE version = '20100108164755'[0m
  [4;35;1mSQL (0.7ms)[0m   [0mSHOW TABLES[0m
  [4;36;1mSQL (0.2ms)[0m   [0;1mSELECT version FROM schema_migrations[0m
  [4;35;1mSQL (0.2ms)[0m   [0mSHOW TABLES[0m
  [4;36;1mSQL (0.1ms)[0m   [0;1mSET SQL_AUTO_IS_NULL=0[0m
  [4;35;1mSQL (0.3ms)[0m   [0mSHOW TABLES[0m
  [4;36;1mSQL (0.2ms)[0m   [0;1mSELECT version FROM schema_migrations[0m
Migrating to CreateConstituenciesUkTables (20100108165145)
  [4;35;1mSQL (120.8ms)[0m   [0mCREATE TABLE `uk_countries` (`id` int(11) DEFAULT NULL auto_increment PRIMARY KEY, `name` varchar(255), `wikipedia_uri` varchar(255)) ENGINE=InnoDB[0m
  [4;36;1mSQL (221.9ms)[0m   [0;1mCREATE TABLE `uk_regions` (`id` int(11) DEFAULT NULL auto_increment PRIMARY KEY, `name` varchar(255), `wikipedia_uri` varchar(255), `uk_country_id` int(11)) ENGINE=InnoDB[0m
  [4;35;1mSQL (133.2ms)[0m   [0mCREATE TABLE `uk_2010_constituencies` (`id` int(11) DEFAULT NULL auto_increment PRIMARY KEY, `name` varchar(255), `alternate_name` varchar(255), `wikipedia_uri` varchar(255), `uk_country_id` int(11), `uk_region_id` int(11)) ENGINE=InnoDB[0m
  [4;36;1mSQL (137.5ms)[0m   [0;1mCREATE INDEX `index_uk_regions_on_uk_country_id` ON `uk_regions` (`uk_country_id`)[0m
  [4;35;1mSQL (134.2ms)[0m   [0mCREATE INDEX `index_uk_2010_constituencies_on_uk_country_id` ON `uk_2010_constituencies` (`uk_country_id`)[0m
  [4;36;1mSQL (118.5ms)[0m   [0;1mCREATE INDEX `index_uk_2010_constituencies_on_uk_region_id` ON `uk_2010_constituencies` (`uk_region_id`)[0m
  [4;35;1mSQL (0.8ms)[0m   [0mINSERT INTO schema_migrations (version) VALUES ('20100108165145')[0m
  [4;36;1mSQL (0.4ms)[0m   [0;1mSHOW TABLES[0m
  [4;35;1mSQL (0.2ms)[0m   [0mSELECT version FROM schema_migrations[0m
  [4;36;1mSQL (0.2ms)[0m   [0;1mSHOW TABLES[0m
  [4;35;1mSQL (1.4ms)[0m   [0mSHOW FIELDS FROM `uk_2010_constituencies`[0m
  [4;36;1mSQL (2.0ms)[0m   [0;1mdescribe `uk_2010_constituencies`[0m
  [4;35;1mSQL (0.9ms)[0m   [0mSHOW KEYS FROM `uk_2010_constituencies`[0m
  [4;36;1mSQL (1.2ms)[0m   [0;1mSHOW FIELDS FROM `uk_countries`[0m
  [4;35;1mSQL (1.7ms)[0m   [0mdescribe `uk_countries`[0m
  [4;36;1mSQL (0.9ms)[0m   [0;1mSHOW KEYS FROM `uk_countries`[0m
  [4;35;1mSQL (1.3ms)[0m   [0mSHOW FIELDS FROM `uk_regions`[0m
  [4;36;1mSQL (2.1ms)[0m   [0;1mdescribe `uk_regions`[0m
  [4;35;1mSQL (1.1ms)[0m   [0mSHOW KEYS FROM `uk_regions`[0m
  [4;36;1mSQL (0.1ms)[0m   [0;1mSET SQL_AUTO_IS_NULL=0[0m
  [4;35;1mUkCountry Columns (1.4ms)[0m   [0mSHOW FIELDS FROM `uk_countries`[0m
  [4;36;1mSQL (0.3ms)[0m   [0;1mSELECT count(*) AS count_all FROM `uk_countries` [0m
  [4;36;1mSQL (0.1ms)[0m   [0;1mSET SQL_AUTO_IS_NULL=0[0m
  [4;35;1mSQL (0.4ms)[0m   [0mSHOW TABLES[0m
  [4;36;1mSQL (0.2ms)[0m   [0;1mSELECT version FROM schema_migrations[0m
  [4;35;1mSQL (1.3ms)[0m   [0mDROP TABLE `uk_countries`[0m
  [4;36;1mSQL (1.3ms)[0m   [0;1mDROP TABLE `uk_regions`[0m
  [4;35;1mSQL (376.6ms)[0m   [0mDROP TABLE `uk_2010_constituencies`[0m
  [4;36;1mSQL (0.9ms)[0m   [0;1mDELETE FROM schema_migrations WHERE version = '20100108165145'[0m
  [4;35;1mSQL (0.8ms)[0m   [0mSHOW TABLES[0m
  [4;36;1mSQL (0.2ms)[0m   [0;1mSELECT version FROM schema_migrations[0m
  [4;35;1mSQL (0.3ms)[0m   [0mSHOW TABLES[0m
